Added Component: Designator=C1(C0805)
Added Component: Designator=C2(C0805)
Added Component: Designator=C3(C0805)
Added Component: Designator=C4(C0805)
Added Component: Designator=C5(C 0603)
Add component (AddParameter): Name = "BOM名称"; Value = "无极性贴片电容"; VariantName = "[No Variations]"
Add component (AddParameter): Name = "学习资源"; Value = "www.ooocke.com"; VariantName = "[No Variations]"
Add component (AddParameter): Name = "版权归属"; Value = "源创客"; VariantName = "[No Variations]"
Added Component: Designator=C6(C 0603)
Add component (AddParameter): Name = "BOM名称"; Value = "无极性贴片电容"; VariantName = "[No Variations]"
Add component (AddParameter): Name = "学习资源"; Value = "www.ooocke.com"; VariantName = "[No Variations]"
Add component (AddParameter): Name = "版权归属"; Value = "源创客"; VariantName = "[No Variations]"
Added Component: Designator=C7(CM D(6.3*7.7))
Add component (AddParameter): Name = "BOM名称"; Value = "贴片电解电容"; VariantName = "[No Variations]"
Add component (AddParameter): Name = "学习资源"; Value = "www.ooocke.com"; VariantName = "[No Variations]"
Add component (AddParameter): Name = "版权归属"; Value = "源创客"; VariantName = "[No Variations]"
Added Component: Designator=C8(C 1206)
Add component (AddParameter): Name = "BOM名称"; Value = "无极性贴片电容"; VariantName = "[No Variations]"
Add component (AddParameter): Name = "学习资源"; Value = "www.ooocke.com"; VariantName = "[No Variations]"
Add component (AddParameter): Name = "版权归属"; Value = "源创客"; VariantName = "[No Variations]"
Added Component: Designator=C9(C 0603)
Add component (AddParameter): Name = "BOM名称"; Value = "无极性贴片电容"; VariantName = "[No Variations]"
Add component (AddParameter): Name = "学习资源"; Value = "www.ooocke.com"; VariantName = "[No Variations]"
Add component (AddParameter): Name = "版权归属"; Value = "源创客"; VariantName = "[No Variations]"
Added Component: Designator=D1(SS34_1)
Added Component: Designator=L1(L_22uH)
Added Component: Designator=L2(L-SMD-0420)
Add component (AddParameter): Name = "BOM名称"; Value = "功率屏蔽电感"; VariantName = "[No Variations]"
Add component (AddParameter): Name = "学习资源"; Value = "www.ooocke.com"; VariantName = "[No Variations]"
Add component (AddParameter): Name = "版权归属"; Value = "源创客"; VariantName = "[No Variations]"
Added Component: Designator=P1(2.0mm_2x19)
Added Component: Designator=P2(FPC-40P)
Added Component: Designator=P3(BH35-2P)
Added Component: Designator=R1(C0805)
Added Component: Designator=R2(C0805)
Added Component: Designator=R3(C0805)
Added Component: Designator=R4(C0805)
Added Component: Designator=R5(C0805)
Added Component: Designator=R6(C0805)
Added Component: Designator=R7(C0805)
Added Component: Designator=U1(TPS61165BVT)
Added Component: Designator=U2(TQFP-48)
Added Component: Designator=U3(SOT23-6N)
Added Pin To Net: NetName=+3.3 Pin=R4-1
Added Pin To Net: NetName=+3.3 Pin=U2-3
Added Pin To Net: NetName=+3.3 Pin=U2-4
Added Pin To Net: NetName=+3.3 Pin=U2-5
Added Pin To Net: NetName=+3.3 Pin=U2-7
Added Pin To Net: NetName=+3.3 Pin=U2-10
Added Pin To Net: NetName=+3.3 Pin=U2-11
Added Pin To Net: NetName=+3.3 Pin=U2-27
Added Pin To Net: NetName=+3.3 Pin=U2-28
Added Pin To Net: NetName=+3.3 Pin=U2-29
Added Pin To Net: NetName=+3.3 Pin=U2-32
Added Pin To Net: NetName=+3.3 Pin=U2-33
Added Pin To Net: NetName=+3.3 Pin=U2-34
Added Net: Name=+3.3
Added Pin To Net: NetName=+3.3V Pin=C6-2
Added Pin To Net: NetName=+3.3V Pin=C7-1
Added Pin To Net: NetName=+3.3V Pin=L2-2
Added Pin To Net: NetName=+3.3V Pin=R6-1
Added Net: Name=+3.3V
Added Pin To Net: NetName=GND Pin=C1-1
Added Pin To Net: NetName=GND Pin=C2-1
Added Pin To Net: NetName=GND Pin=C3-1
Added Pin To Net: NetName=GND Pin=C4-1
Added Pin To Net: NetName=GND Pin=C6-1
Added Pin To Net: NetName=GND Pin=C7-2
Added Pin To Net: NetName=GND Pin=C8-1
Added Pin To Net: NetName=GND Pin=C9-1
Added Pin To Net: NetName=GND Pin=P1-4
Added Pin To Net: NetName=GND Pin=P1-5
Added Pin To Net: NetName=GND Pin=P1-6
Added Pin To Net: NetName=GND Pin=P1-13
Added Pin To Net: NetName=GND Pin=P1-14
Added Pin To Net: NetName=GND Pin=P1-24
Added Pin To Net: NetName=GND Pin=P1-25
Added Pin To Net: NetName=GND Pin=P1-31
Added Pin To Net: NetName=GND Pin=P1-32
Added Pin To Net: NetName=GND Pin=R2-1
Added Pin To Net: NetName=GND Pin=R3-1
Added Pin To Net: NetName=GND Pin=R7-2
Added Pin To Net: NetName=GND Pin=U1-4
Added Pin To Net: NetName=GND Pin=U2-8
Added Pin To Net: NetName=GND Pin=U2-9
Added Pin To Net: NetName=GND Pin=U2-17
Added Pin To Net: NetName=GND Pin=U2-18
Added Pin To Net: NetName=GND Pin=U2-23
Added Pin To Net: NetName=GND Pin=U2-24
Added Pin To Net: NetName=GND Pin=U2-25
Added Pin To Net: NetName=GND Pin=U2-26
Added Pin To Net: NetName=GND Pin=U2-37
Added Pin To Net: NetName=GND Pin=U2-38
Added Pin To Net: NetName=GND Pin=U2-43
Added Pin To Net: NetName=GND Pin=U2-44
Added Pin To Net: NetName=GND Pin=U3-1
Added Net: Name=GND
Added Pin To Net: NetName=LCD_PWM Pin=P1-33
Added Pin To Net: NetName=LCD_PWM Pin=R1-2
Added Pin To Net: NetName=LCD_PWM Pin=R2-2
Added Net: Name=LCD_PWM
Added Pin To Net: NetName=LED+ Pin=C2-2
Added Pin To Net: NetName=LED+ Pin=D1-1
Added Pin To Net: NetName=LED+ Pin=P3-1
Added Net: Name=LED+
Added Pin To Net: NetName=LED- Pin=P3-2
Added Pin To Net: NetName=LED- Pin=R3-2
Added Pin To Net: NetName=LED- Pin=U1-6
Added Net: Name=LED-
Added Pin To Net: NetName=LVDS0_D0_N Pin=P1-7
Added Pin To Net: NetName=LVDS0_D0_N Pin=U2-14
Added Net: Name=LVDS0_D0_N
Added Pin To Net: NetName=LVDS0_D0_P Pin=P1-8
Added Pin To Net: NetName=LVDS0_D0_P Pin=U2-13
Added Net: Name=LVDS0_D0_P
Added Pin To Net: NetName=LVDS0_D1_N Pin=P1-9
Added Pin To Net: NetName=LVDS0_D1_N Pin=U2-16
Added Net: Name=LVDS0_D1_N
Added Pin To Net: NetName=LVDS0_D1_P Pin=P1-10
Added Pin To Net: NetName=LVDS0_D1_P Pin=U2-15
Added Net: Name=LVDS0_D1_P
Added Pin To Net: NetName=LVDS0_D2_N Pin=P1-11
Added Pin To Net: NetName=LVDS0_D2_N Pin=U2-20
Added Net: Name=LVDS0_D2_N
Added Pin To Net: NetName=LVDS0_D2_P Pin=P1-12
Added Pin To Net: NetName=LVDS0_D2_P Pin=U2-19
Added Net: Name=LVDS0_D2_P
Added Pin To Net: NetName=LVDS0_DCK_N Pin=P1-15
Added Pin To Net: NetName=LVDS0_DCK_N Pin=U2-22
Added Net: Name=LVDS0_DCK_N
Added Pin To Net: NetName=LVDS0_DCK_P Pin=P1-16
Added Pin To Net: NetName=LVDS0_DCK_P Pin=U2-21
Added Net: Name=LVDS0_DCK_P
Added Pin To Net: NetName=LVDS_CLK_N Pin=P2-21
Added Pin To Net: NetName=LVDS_CLK_N Pin=U2-39
Added Net: Name=LVDS_CLK_N
Added Pin To Net: NetName=LVDS_CLK_P Pin=P2-20
Added Pin To Net: NetName=LVDS_CLK_P Pin=U2-40
Added Net: Name=LVDS_CLK_P
Added Pin To Net: NetName=LVDS_OUT0_N Pin=P2-13
Added Pin To Net: NetName=LVDS_OUT0_N Pin=U2-47
Added Net: Name=LVDS_OUT0_N
Added Pin To Net: NetName=LVDS_OUT0_P Pin=P2-12
Added Pin To Net: NetName=LVDS_OUT0_P Pin=U2-48
Added Net: Name=LVDS_OUT0_P
Added Pin To Net: NetName=LVDS_OUT1_N Pin=P2-15
Added Pin To Net: NetName=LVDS_OUT1_N Pin=U2-45
Added Net: Name=LVDS_OUT1_N
Added Pin To Net: NetName=LVDS_OUT1_P Pin=P2-14
Added Pin To Net: NetName=LVDS_OUT1_P Pin=U2-46
Added Net: Name=LVDS_OUT1_P
Added Pin To Net: NetName=LVDS_OUT2_N Pin=P2-19
Added Pin To Net: NetName=LVDS_OUT2_N Pin=U2-41
Added Net: Name=LVDS_OUT2_N
Added Pin To Net: NetName=LVDS_OUT2_P Pin=P2-18
Added Pin To Net: NetName=LVDS_OUT2_P Pin=U2-42
Added Net: Name=LVDS_OUT2_P
Added Pin To Net: NetName=NetC3_2 Pin=C3-2
Added Pin To Net: NetName=NetC3_2 Pin=U1-5
Added Net: Name=NetC3_2
Added Pin To Net: NetName=NetC4_2 Pin=C4-2
Added Pin To Net: NetName=NetC4_2 Pin=R1-1
Added Pin To Net: NetName=NetC4_2 Pin=U1-2
Added Net: Name=NetC4_2
Added Pin To Net: NetName=NetC5_1 Pin=C5-1
Added Pin To Net: NetName=NetC5_1 Pin=U3-6
Added Net: Name=NetC5_1
Added Pin To Net: NetName=NetC5_2 Pin=C5-2
Added Pin To Net: NetName=NetC5_2 Pin=L2-1
Added Pin To Net: NetName=NetC5_2 Pin=U3-2
Added Net: Name=NetC5_2
Added Pin To Net: NetName=NetD1_2 Pin=D1-2
Added Pin To Net: NetName=NetD1_2 Pin=L1-2
Added Pin To Net: NetName=NetD1_2 Pin=U1-3
Added Net: Name=NetD1_2
Added Pin To Net: NetName=NetR4_2 Pin=R4-2
Added Pin To Net: NetName=NetR4_2 Pin=U2-12
Added Net: Name=NetR4_2
Added Pin To Net: NetName=NetR5_1 Pin=R5-1
Added Pin To Net: NetName=NetR5_1 Pin=U3-5
Added Net: Name=NetR5_1
Added Pin To Net: NetName=NetR6_2 Pin=R6-2
Added Pin To Net: NetName=NetR6_2 Pin=R7-1
Added Pin To Net: NetName=NetR6_2 Pin=U3-4
Added Net: Name=NetR6_2
Added Pin To Net: NetName=VCC Pin=C1-2
Added Pin To Net: NetName=VCC Pin=C8-2
Added Pin To Net: NetName=VCC Pin=C9-2
Added Pin To Net: NetName=VCC Pin=L1-1
Added Pin To Net: NetName=VCC Pin=P1-1
Added Pin To Net: NetName=VCC Pin=P1-2
Added Pin To Net: NetName=VCC Pin=P1-3
Added Pin To Net: NetName=VCC Pin=R5-2
Added Pin To Net: NetName=VCC Pin=U1-1
Added Pin To Net: NetName=VCC Pin=U3-3
Added Net: Name=VCC
Added Class: Name=LVDS_BackLight
Added Rule: Name=Schematic Supply Nets
Added Rule: Name=Schematic Supply Nets_1
Added Rule: Name=Schematic Supply Nets_2
Added Rule: Name=Schematic Supply Nets_3
