Added Component: Designator=R4(C1206)
Added Component: Designator=U2(TQFP-48)
Added Pin To Net: NetName=GND Pin=P1-24
Added Pin To Net: NetName=GND Pin=P1-25
Added Pin To Net: NetName=GND Pin=U2-8
Added Pin To Net: NetName=GND Pin=U2-9
Added Pin To Net: NetName=GND Pin=U2-17
Added Pin To Net: NetName=GND Pin=U2-18
Added Pin To Net: NetName=GND Pin=U2-23
Added Pin To Net: NetName=GND Pin=U2-24
Added Pin To Net: NetName=GND Pin=U2-25
Added Pin To Net: NetName=GND Pin=U2-26
Added Pin To Net: NetName=GND Pin=U2-37
Added Pin To Net: NetName=GND Pin=U2-38
Added Pin To Net: NetName=GND Pin=U2-43
Added Pin To Net: NetName=GND Pin=U2-44
Added Pin To Net: NetName=+3.3 Pin=R4-1
Added Pin To Net: NetName=+3.3 Pin=U2-3
Added Pin To Net: NetName=+3.3 Pin=U2-4
Added Pin To Net: NetName=+3.3 Pin=U2-5
Added Pin To Net: NetName=+3.3 Pin=U2-7
Added Pin To Net: NetName=+3.3 Pin=U2-10
Added Pin To Net: NetName=+3.3 Pin=U2-11
Added Pin To Net: NetName=+3.3 Pin=U2-27
Added Pin To Net: NetName=+3.3 Pin=U2-28
Added Pin To Net: NetName=+3.3 Pin=U2-29
Added Pin To Net: NetName=+3.3 Pin=U2-32
Added Pin To Net: NetName=+3.3 Pin=U2-33
Added Pin To Net: NetName=+3.3 Pin=U2-34
Added Net: Name=+3.3
Added Pin To Net: NetName=LVDS0_D0_N Pin=P1-7
Added Pin To Net: NetName=LVDS0_D0_N Pin=U2-14
Added Net: Name=LVDS0_D0_N
Added Pin To Net: NetName=LVDS0_D0_P Pin=P1-8
Added Pin To Net: NetName=LVDS0_D0_P Pin=U2-13
Added Net: Name=LVDS0_D0_P
Added Pin To Net: NetName=LVDS0_D1_N Pin=P1-9
Added Pin To Net: NetName=LVDS0_D1_N Pin=U2-16
Added Net: Name=LVDS0_D1_N
Added Pin To Net: NetName=LVDS0_D1_P Pin=P1-10
Added Pin To Net: NetName=LVDS0_D1_P Pin=U2-15
Added Net: Name=LVDS0_D1_P
Added Pin To Net: NetName=LVDS0_D2_N Pin=P1-11
Added Pin To Net: NetName=LVDS0_D2_N Pin=U2-20
Added Net: Name=LVDS0_D2_N
Added Pin To Net: NetName=LVDS0_D2_P Pin=P1-12
Added Pin To Net: NetName=LVDS0_D2_P Pin=U2-19
Added Net: Name=LVDS0_D2_P
Added Pin To Net: NetName=LVDS0_DCK_N Pin=P1-15
Added Pin To Net: NetName=LVDS0_DCK_N Pin=U2-22
Added Net: Name=LVDS0_DCK_N
Added Pin To Net: NetName=LVDS0_DCK_P Pin=P1-16
Added Pin To Net: NetName=LVDS0_DCK_P Pin=U2-21
Added Net: Name=LVDS0_DCK_P
Added Pin To Net: NetName=LVDS_CLK_N Pin=P2-16
Added Pin To Net: NetName=LVDS_CLK_N Pin=U2-39
Added Net: Name=LVDS_CLK_N
Added Pin To Net: NetName=LVDS_CLK_P Pin=P2-15
Added Pin To Net: NetName=LVDS_CLK_P Pin=U2-40
Added Net: Name=LVDS_CLK_P
Added Pin To Net: NetName=LVDS_OUT0_N Pin=P2-8
Added Pin To Net: NetName=LVDS_OUT0_N Pin=U2-47
Added Net: Name=LVDS_OUT0_N
Added Pin To Net: NetName=LVDS_OUT0_P Pin=P2-7
Added Pin To Net: NetName=LVDS_OUT0_P Pin=U2-48
Added Net: Name=LVDS_OUT0_P
Added Pin To Net: NetName=LVDS_OUT1_N Pin=P2-10
Added Pin To Net: NetName=LVDS_OUT1_N Pin=U2-45
Added Net: Name=LVDS_OUT1_N
Added Pin To Net: NetName=LVDS_OUT1_P Pin=P2-9
Added Pin To Net: NetName=LVDS_OUT1_P Pin=U2-46
Added Net: Name=LVDS_OUT1_P
Added Pin To Net: NetName=LVDS_OUT2_N Pin=P2-14
Added Pin To Net: NetName=LVDS_OUT2_N Pin=U2-41
Added Net: Name=LVDS_OUT2_N
Added Pin To Net: NetName=LVDS_OUT2_P Pin=P2-13
Added Pin To Net: NetName=LVDS_OUT2_P Pin=U2-42
Added Net: Name=LVDS_OUT2_P
Added Pin To Net: NetName=NetR4_2 Pin=R4-2
Added Pin To Net: NetName=NetR4_2 Pin=U2-12
Added Net: Name=NetR4_2
Added Member To Class: ClassName=LVDS_BackLight Member=Component R4 4.7K
Added Member To Class: ClassName=LVDS_BackLight Member=Component U2 '
Added Rule: Name=Schematic Supply Nets_2
