Added Component: Designator=C1(C0805)
Added Component: Designator=C2(C0805)
Added Component: Designator=C3(C0805)
Added Component: Designator=C4(C0805)
Added Component: Designator=D1(SS34_1)
Added Component: Designator=L1(L_22uH)
Added Component: Designator=P1(2.0mm_2x19)
Added Component: Designator=P2(FPC-40P)
Added Component: Designator=P3(BH35-2P)
Added Component: Designator=R1(C0805)
Added Component: Designator=R2(C0805)
Added Component: Designator=R3(C0805)
Added Component: Designator=R?(C1206)
Added Component: Designator=U1(TPS61165BVT)
Added Component: Designator=U?(TQFP-48)
Added Pin To Net: NetName=+3.3 Pin=R?-1
Added Pin To Net: NetName=+3.3 Pin=U?-3
Added Pin To Net: NetName=+3.3 Pin=U?-4
Added Pin To Net: NetName=+3.3 Pin=U?-5
Added Pin To Net: NetName=+3.3 Pin=U?-7
Added Pin To Net: NetName=+3.3 Pin=U?-10
Added Pin To Net: NetName=+3.3 Pin=U?-11
Added Pin To Net: NetName=+3.3 Pin=U?-27
Added Pin To Net: NetName=+3.3 Pin=U?-28
Added Pin To Net: NetName=+3.3 Pin=U?-29
Added Pin To Net: NetName=+3.3 Pin=U?-32
Added Pin To Net: NetName=+3.3 Pin=U?-33
Added Pin To Net: NetName=+3.3 Pin=U?-34
Added Net: Name=+3.3
Added Pin To Net: NetName=GND Pin=C1-1
Added Pin To Net: NetName=GND Pin=C2-1
Added Pin To Net: NetName=GND Pin=C3-1
Added Pin To Net: NetName=GND Pin=C4-1
Added Pin To Net: NetName=GND Pin=P1-4
Added Pin To Net: NetName=GND Pin=P1-5
Added Pin To Net: NetName=GND Pin=P1-6
Added Pin To Net: NetName=GND Pin=P1-13
Added Pin To Net: NetName=GND Pin=P1-14
Added Pin To Net: NetName=GND Pin=P1-24
Added Pin To Net: NetName=GND Pin=P1-25
Added Pin To Net: NetName=GND Pin=P1-31
Added Pin To Net: NetName=GND Pin=P1-32
Added Pin To Net: NetName=GND Pin=R2-1
Added Pin To Net: NetName=GND Pin=R3-1
Added Pin To Net: NetName=GND Pin=U1-4
Added Pin To Net: NetName=GND Pin=U?-8
Added Pin To Net: NetName=GND Pin=U?-9
Added Pin To Net: NetName=GND Pin=U?-17
Added Pin To Net: NetName=GND Pin=U?-18
Added Pin To Net: NetName=GND Pin=U?-23
Added Pin To Net: NetName=GND Pin=U?-24
Added Pin To Net: NetName=GND Pin=U?-25
Added Pin To Net: NetName=GND Pin=U?-26
Added Pin To Net: NetName=GND Pin=U?-37
Added Pin To Net: NetName=GND Pin=U?-38
Added Pin To Net: NetName=GND Pin=U?-43
Added Pin To Net: NetName=GND Pin=U?-44
Added Net: Name=GND
Added Pin To Net: NetName=LCD_PWM Pin=P1-33
Added Pin To Net: NetName=LCD_PWM Pin=R1-2
Added Pin To Net: NetName=LCD_PWM Pin=R2-2
Added Net: Name=LCD_PWM
Added Pin To Net: NetName=LED+ Pin=C2-2
Added Pin To Net: NetName=LED+ Pin=D1-1
Added Pin To Net: NetName=LED+ Pin=P3-1
Added Net: Name=LED+
Added Pin To Net: NetName=LED- Pin=P3-2
Added Pin To Net: NetName=LED- Pin=R3-2
Added Pin To Net: NetName=LED- Pin=U1-6
Added Net: Name=LED-
Added Pin To Net: NetName=LVDS0_D0_N Pin=P1-7
Added Pin To Net: NetName=LVDS0_D0_N Pin=U?-14
Added Net: Name=LVDS0_D0_N
Added Pin To Net: NetName=LVDS0_D0_P Pin=P1-8
Added Pin To Net: NetName=LVDS0_D0_P Pin=U?-13
Added Net: Name=LVDS0_D0_P
Added Pin To Net: NetName=LVDS0_D1_N Pin=P1-9
Added Pin To Net: NetName=LVDS0_D1_N Pin=U?-16
Added Net: Name=LVDS0_D1_N
Added Pin To Net: NetName=LVDS0_D1_P Pin=P1-10
Added Pin To Net: NetName=LVDS0_D1_P Pin=U?-15
Added Net: Name=LVDS0_D1_P
Added Pin To Net: NetName=LVDS0_D2_N Pin=P1-11
Added Pin To Net: NetName=LVDS0_D2_N Pin=U?-20
Added Net: Name=LVDS0_D2_N
Added Pin To Net: NetName=LVDS0_D2_P Pin=P1-12
Added Pin To Net: NetName=LVDS0_D2_P Pin=U?-19
Added Net: Name=LVDS0_D2_P
Added Pin To Net: NetName=LVDS0_DCK_N Pin=P1-15
Added Pin To Net: NetName=LVDS0_DCK_N Pin=U?-22
Added Net: Name=LVDS0_DCK_N
Added Pin To Net: NetName=LVDS0_DCK_P Pin=P1-16
Added Pin To Net: NetName=LVDS0_DCK_P Pin=U?-21
Added Net: Name=LVDS0_DCK_P
Added Pin To Net: NetName=LVDS_CLK_N Pin=P2-21
Added Pin To Net: NetName=LVDS_CLK_N Pin=U?-39
Added Net: Name=LVDS_CLK_N
Added Pin To Net: NetName=LVDS_CLK_P Pin=P2-20
Added Pin To Net: NetName=LVDS_CLK_P Pin=U?-40
Added Net: Name=LVDS_CLK_P
Added Pin To Net: NetName=LVDS_OUT0_N Pin=P2-13
Added Pin To Net: NetName=LVDS_OUT0_N Pin=U?-47
Added Net: Name=LVDS_OUT0_N
Added Pin To Net: NetName=LVDS_OUT0_P Pin=P2-12
Added Pin To Net: NetName=LVDS_OUT0_P Pin=U?-48
Added Net: Name=LVDS_OUT0_P
Added Pin To Net: NetName=LVDS_OUT1_N Pin=P2-15
Added Pin To Net: NetName=LVDS_OUT1_N Pin=U?-45
Added Net: Name=LVDS_OUT1_N
Added Pin To Net: NetName=LVDS_OUT1_P Pin=P2-14
Added Pin To Net: NetName=LVDS_OUT1_P Pin=U?-46
Added Net: Name=LVDS_OUT1_P
Added Pin To Net: NetName=LVDS_OUT2_N Pin=P2-19
Added Pin To Net: NetName=LVDS_OUT2_N Pin=U?-41
Added Net: Name=LVDS_OUT2_N
Added Pin To Net: NetName=LVDS_OUT2_P Pin=P2-18
Added Pin To Net: NetName=LVDS_OUT2_P Pin=U?-42
Added Net: Name=LVDS_OUT2_P
Added Pin To Net: NetName=NetC3_2 Pin=C3-2
Added Pin To Net: NetName=NetC3_2 Pin=U1-5
Added Net: Name=NetC3_2
Added Pin To Net: NetName=NetC4_2 Pin=C4-2
Added Pin To Net: NetName=NetC4_2 Pin=R1-1
Added Pin To Net: NetName=NetC4_2 Pin=U1-2
Added Net: Name=NetC4_2
Added Pin To Net: NetName=NetD1_2 Pin=D1-2
Added Pin To Net: NetName=NetD1_2 Pin=L1-2
Added Pin To Net: NetName=NetD1_2 Pin=U1-3
Added Net: Name=NetD1_2
Added Pin To Net: NetName=NetR?_2 Pin=R?-2
Added Pin To Net: NetName=NetR?_2 Pin=U?-12
Added Net: Name=NetR?_2
Added Pin To Net: NetName=VCC Pin=C1-2
Added Pin To Net: NetName=VCC Pin=L1-1
Added Pin To Net: NetName=VCC Pin=P1-1
Added Pin To Net: NetName=VCC Pin=P1-2
Added Pin To Net: NetName=VCC Pin=P1-3
Added Pin To Net: NetName=VCC Pin=U1-1
Added Net: Name=VCC
Added Class: Name=LVDS_BackLight
Added Rule: Name=Schematic Supply Nets
Added Rule: Name=Schematic Supply Nets_1
Added Rule: Name=Schematic Supply Nets_2
