Replace Part C1 C in D:\work\GitWorkRepository\LVDS_BackLightBoard_V1.0\LVDS_BackLightBoard\LVDS_BackLight.SchDoc with C from LVDS_Library.IntLib
Replace Part C2 C in D:\work\GitWorkRepository\LVDS_BackLightBoard_V1.0\LVDS_BackLightBoard\LVDS_BackLight.SchDoc with C from LVDS_Library.IntLib
Replace Part C3 C in D:\work\GitWorkRepository\LVDS_BackLightBoard_V1.0\LVDS_BackLightBoard\LVDS_BackLight.SchDoc with C from LVDS_Library.IntLib
Replace Part C4 C in D:\work\GitWorkRepository\LVDS_BackLightBoard_V1.0\LVDS_BackLightBoard\LVDS_BackLight.SchDoc with C from LVDS_Library.IntLib
Replace Part C? C_1 in D:\work\GitWorkRepository\LVDS_BackLightBoard_V1.0\LVDS_BackLightBoard\LVDS_BackLight.SchDoc with C_1 from ATK_DLRK3568_V1.5.IntLib
Replace Part C? C in D:\work\GitWorkRepository\LVDS_BackLightBoard_V1.0\LVDS_BackLightBoard\LVDS_BackLight.SchDoc with C from ATK_DLRK3568_V1.5.IntLib
Replace Part C? C in D:\work\GitWorkRepository\LVDS_BackLightBoard_V1.0\LVDS_BackLightBoard\LVDS_BackLight.SchDoc with C from ATK_DLRK3568_V1.5.IntLib
Replace Part C? C-CM in D:\work\GitWorkRepository\LVDS_BackLightBoard_V1.0\LVDS_BackLightBoard\LVDS_BackLight.SchDoc with C-CM from ATK_DLRK3568_V1.5.IntLib
Replace Part C? C in D:\work\GitWorkRepository\LVDS_BackLightBoard_V1.0\LVDS_BackLightBoard\LVDS_BackLight.SchDoc with C from ATK_DLRK3568_V1.5.IntLib
Replace Part D1 SS34 in D:\work\GitWorkRepository\LVDS_BackLightBoard_V1.0\LVDS_BackLightBoard\LVDS_BackLight.SchDoc with SS34 from LVDS_Library.IntLib
Replace Part L1 L_22uH in D:\work\GitWorkRepository\LVDS_BackLightBoard_V1.0\LVDS_BackLightBoard\LVDS_BackLight.SchDoc with L_22uH from LVDS_Library.IntLib
Replace Part L? L-CDRH in D:\work\GitWorkRepository\LVDS_BackLightBoard_V1.0\LVDS_BackLightBoard\LVDS_BackLight.SchDoc with L-CDRH from ATK_DLRK3568_V1.5.IntLib
Replace Part P1 2.0mm_2x19 in D:\work\GitWorkRepository\LVDS_BackLightBoard_V1.0\LVDS_BackLightBoard\LVDS_BackLight.SchDoc with 2.0mm_2x19 from LVDS_Library.IntLib
Replace Part P2 FPC-40P in D:\work\GitWorkRepository\LVDS_BackLightBoard_V1.0\LVDS_BackLightBoard\LVDS_BackLight.SchDoc with FPC-40P from LVDS_Library.IntLib
Replace Part P3 BH35-2P in D:\work\GitWorkRepository\LVDS_BackLightBoard_V1.0\LVDS_BackLightBoard\LVDS_BackLight.SchDoc with BH35-2P from LVDS_Library.IntLib
Replace Part R1 R in D:\work\GitWorkRepository\LVDS_BackLightBoard_V1.0\LVDS_BackLightBoard\LVDS_BackLight.SchDoc with R from LVDS_Library.IntLib
Replace Part R2 R in D:\work\GitWorkRepository\LVDS_BackLightBoard_V1.0\LVDS_BackLightBoard\LVDS_BackLight.SchDoc with R from LVDS_Library.IntLib
Replace Part R3 R in D:\work\GitWorkRepository\LVDS_BackLightBoard_V1.0\LVDS_BackLightBoard\LVDS_BackLight.SchDoc with R from LVDS_Library.IntLib
Replace Part R4 R in D:\work\GitWorkRepository\LVDS_BackLightBoard_V1.0\LVDS_BackLightBoard\LVDS_BackLight.SchDoc with R from LVDS_Library.IntLib
Replace Part R? R in D:\work\GitWorkRepository\LVDS_BackLightBoard_V1.0\LVDS_BackLightBoard\LVDS_BackLight.SchDoc with R from LVDS_Library.IntLib
Replace Part R? R in D:\work\GitWorkRepository\LVDS_BackLightBoard_V1.0\LVDS_BackLightBoard\LVDS_BackLight.SchDoc with R from LVDS_Library.IntLib
Replace Part R? R in D:\work\GitWorkRepository\LVDS_BackLightBoard_V1.0\LVDS_BackLightBoard\LVDS_BackLight.SchDoc with R from LVDS_Library.IntLib
Replace Part U1 TPS61165BVR in D:\work\GitWorkRepository\LVDS_BackLightBoard_V1.0\LVDS_BackLightBoard\LVDS_BackLight.SchDoc with TPS61165BVR from LVDS_Library.IntLib
Replace Part U2 DS90LV004TVS/NOP in D:\work\GitWorkRepository\LVDS_BackLightBoard_V1.0\LVDS_BackLightBoard\LVDS_BackLight.SchDoc with DS90LV004TVS/NOP from LVDS_Library.IntLib
Replace Part U3 DC JW5060T_6 in D:\work\GitWorkRepository\LVDS_BackLightBoard_V1.0\LVDS_BackLightBoard\LVDS_BackLight.SchDoc with DC JW5060T_6 from ATK_DLRK3568_V1.5.IntLib
